2016/08/22 12:05:40 [error] [exception.CDbException] CDbException: CDbConnection failed to open the DB connection: could not find driver in /home/ubuntu/newboutiqaat/pub/ub-tool/yii/db/CDbConnection.php:399
Stack trace:
#0 /home/ubuntu/newboutiqaat/pub/ub-tool/yii/db/CDbConnection.php(347): CDbConnection->open()
#1 /home/ubuntu/newboutiqaat/pub/ub-tool/yii/db/CDbConnection.php(325): CDbConnection->setActive(true)
#2 /home/ubuntu/newboutiqaat/pub/ub-tool/yii/base/CModule.php(394): CDbConnection->init()
#3 /home/ubuntu/newboutiqaat/pub/ub-tool/yii/base/CApplication.php(458): CModule->getComponent('db')
#4 /home/ubuntu/newboutiqaat/pub/ub-tool/yii/db/ar/CActiveRecord.php(637): CApplication->getDb()
#5 /home/ubuntu/newboutiqaat/pub/ub-tool/yii/db/ar/CActiveRecord.php(670): CActiveRecord->getDbConnection()
#6 /home/ubuntu/newboutiqaat/pub/ub-tool/yii/db/ar/CActiveRecord.php(1474): CActiveRecord->getCommandBuilder()
#7 /home/ubuntu/newboutiqaat/pub/ub-tool/protected/controllers/MigrateController.php(39): CActiveRecord->findAll()
#8 /home/ubuntu/newboutiqaat/pub/ub-tool/yii/web/CController.php(306): MigrateController->beforeAction(Object(CInlineAction))
#9 /home/ubuntu/newboutiqaat/pub/ub-tool/yii/web/CController.php(286): CController->runAction(Object(CInlineAction))
#10 /home/ubuntu/newboutiqaat/pub/ub-tool/yii/web/CController.php(265): CController->runActionWithFilters(Object(CInlineAction), Array)
#11 /home/ubuntu/newboutiqaat/pub/ub-tool/yii/web/CWebApplication.php(282): CController->run('')
#12 /home/ubuntu/newboutiqaat/pub/ub-tool/yii/web/CWebApplication.php(141): CWebApplication->runController('')
#13 /home/ubuntu/newboutiqaat/pub/ub-tool/yii/base/CApplication.php(184): CWebApplication->processRequest()
#14 /home/ubuntu/newboutiqaat/pub/ub-tool/index.php(13): CApplication->run()
#15 {main}
REQUEST_URI=/pub/ub-tool/
HTTP_REFERER=http://52.210.84.181/admin/ubdatamigration/index/index/key/fc6c13e067adb6fea00757656c9cea59acb70e4c0e75038f38cbfd64f777cc85/
---
2016/08/22 12:17:30 [error] [system.db.CDbCommand] CDbCommand::fetchAll() failed: SQLSTATE[42S02]: Base table or view not found: 1146 Table 'olddata.core_url_rewrite' doesn't exist. The SQL statement executed was: SHOW FULL COLUMNS FROM `core_url_rewrite`.
2016/08/22 12:17:30 [error] [exception.CDbException] CDbException: The table "{{core_url_rewrite}}" for active record class "Mage1UrlRewrite" cannot be found in the database. in /home/ubuntu/newboutiqaat/pub/ub-tool/yii/db/ar/CActiveRecord.php:2385
Stack trace:
#0 /home/ubuntu/newboutiqaat/pub/ub-tool/yii/db/ar/CActiveRecord.php(411): CActiveRecordMetaData->__construct(Object(Mage1UrlRewrite))
#1 /home/ubuntu/newboutiqaat/pub/ub-tool/yii/db/ar/CActiveRecord.php(661): CActiveRecord->getMetaData()
#2 /home/ubuntu/newboutiqaat/pub/ub-tool/yii/db/ar/CActiveRecord.php(1355): CActiveRecord->getTableSchema()
#3 /home/ubuntu/newboutiqaat/pub/ub-tool/yii/db/ar/CActiveRecord.php(1475): CActiveRecord->query(Object(CDbCriteria), true)
#4 /home/ubuntu/newboutiqaat/pub/ub-tool/protected/controllers/MigrateController.php(885): CActiveRecord->findAll('category_id = 1...')
#5 /home/ubuntu/newboutiqaat/pub/ub-tool/yii/web/actions/CInlineAction.php(49): MigrateController->actionStep4()
#6 /home/ubuntu/newboutiqaat/pub/ub-tool/yii/web/CController.php(308): CInlineAction->runWithParams(Array)
#7 /home/ubuntu/newboutiqaat/pub/ub-tool/yii/web/CController.php(286): CController->runAction(Object(CInlineAction))
#8 /home/ubuntu/newboutiqaat/pub/ub-tool/yii/web/CController.php(265): CController->runActionWithFilters(Object(CInlineAction), Array)
#9 /home/ubuntu/newboutiqaat/pub/ub-tool/yii/web/CWebApplication.php(282): CController->run('step4')
#10 /home/ubuntu/newboutiqaat/pub/ub-tool/yii/web/CWebApplication.php(141): CWebApplication->runController('migrate/step4')
#11 /home/ubuntu/newboutiqaat/pub/ub-tool/yii/base/CApplication.php(184): CWebApplication->processRequest()
#12 /home/ubuntu/newboutiqaat/pub/ub-tool/index.php(13): CApplication->run()
#13 {main}
REQUEST_URI=/pub/ub-tool/index.php/migrate/step4
HTTP_REFERER=http://52.210.84.181/pub/ub-tool/index.php/migrate/step4
---
